[18:23:32.844] ------------------------------
[18:23:32.890] MelonLoader v0.5.5 Open-Beta
[18:23:32.891] OS: Windows 10
[18:23:32.891] Hash Code: BC5932BB98E8569C86918874371F25E2B124969C36C52C96D931AD20B881AF
[18:23:32.892] ------------------------------
[18:23:32.893] Game Type: Il2cpp
[18:23:32.893] Game Arch: x64
[18:23:32.894] ------------------------------
[18:23:32.894] Core::BasePath = C:\Program Files (x86)\Steam\steamapps\common\BloonsTD6
[18:23:32.895] Game::BasePath = C:\Program Files (x86)\Steam\steamapps\common\BloonsTD6
[18:23:32.895] Game::DataPath = C:\Program Files (x86)\Steam\steamapps\common\BloonsTD6\BloonsTD6_Data
[18:23:32.896] Game::ApplicationPath = C:\Program Files (x86)\Steam\steamapps\common\BloonsTD6\BloonsTD6.exe
[18:23:32.896] Runtime Type: net6
[18:23:33.154] ------------------------------
[18:23:33.155] Game Name: BloonsTD6
[18:23:33.155] Game Developer: Ninja Kiwi
[18:23:33.157] Unity Version: 2020.3.28f1
[18:23:33.158] Game Version: 33.1
[18:23:33.158] ------------------------------
[18:23:34.014] Preferences Loaded!

[18:23:34.051] Loading Plugins from 'C:\Program Files (x86)\Steam\steamapps\common\BloonsTD6\Plugins'...
[18:23:34.054] ------------------------------------------------------------------------------------------

[18:23:34.058] ------------------------------------------------------------------------------------------
[18:23:34.058] 0 Plugins loaded.

[18:23:34.935] Loading Il2CppAssemblyGenerator...
[18:23:34.963] [Il2CppAssemblyGenerator] Contacting RemoteAPI...
[18:23:35.370] [Il2CppAssemblyGenerator] RemoteAPI.DumperVersion = null
[18:23:35.371] [Il2CppAssemblyGenerator] RemoteAPI.UnhollowerVersion = null
[18:23:35.374] [Il2CppAssemblyGenerator] RemoteAPI.ObfuscationRegex = null
[18:23:35.375] [Il2CppAssemblyGenerator] RemoteAPI.MappingURL = null
[18:23:35.378] [Il2CppAssemblyGenerator] RemoteAPI.MappingFileSHA512 = null
[18:23:35.380] [Il2CppAssemblyGenerator] Using Dumper Version: 2022.1.0-pre-release.7
[18:23:35.380] [Il2CppAssemblyGenerator] Using Il2CppAssemblyUnhollower Version = 0.4.18.0-coreclr.2
[18:23:35.382] [Il2CppAssemblyGenerator] Using Unity Dependencies Version = 2020.3.28
[18:23:35.383] [Il2CppAssemblyGenerator] Using Deobfuscation Regex = null
[18:23:35.384] [Il2CppAssemblyGenerator] Cpp2IL is up to date.
[18:23:35.386] [Il2CppAssemblyGenerator] Il2CppAssemblyUnhollower is up to date.
[18:23:35.387] [Il2CppAssemblyGenerator] UnityDependencies is up to date.
[18:23:35.391] [Il2CppAssemblyGenerator] Checking GameAssembly...
[18:23:35.653] [Il2CppAssemblyGenerator] Assembly is up to date. No Generation Needed.

[18:23:35.657] Loading Mods from 'C:\Program Files (x86)\Steam\steamapps\common\BloonsTD6\Mods'...
[18:23:35.660] ------------------------------------------------------------------------------------
Melon Assembly loaded: '.\Mods\RailGun (1).dll'
Melon Assembly loaded: '.\Mods\Luffy.dll'
Melon Assembly loaded: '.\Mods\PencilMonkey.dll'
[18:23:35.736] Melon Assembly loaded: '.\Mods\Btd6ModHelper.dll'
[18:23:35.736] SHA256 Hash: '58dc24a85d88d96dacf02bd2898d32b3005c67e4881d6ab230a933a301f4ff7d'
[18:23:35.771] Melon Assembly loaded: '.\Mods\CardMonkey.dll'
[18:23:35.772] SHA256 Hash: '7a0a83307d13d100f3e0a8b909d0a3ace12b5c84610fec58a5a389fd09e96d2b'
[18:23:35.780] Melon Assembly loaded: '.\Mods\NoParagonLimit.dll'
[18:23:35.781] SHA256 Hash: '1194352018a8b24fe805ae5978801ce0e53ca287219b983a6c022d0e496ed060'
[18:23:35.814] Melon Assembly loaded: '.\Mods\PowersInShop.dll'
[18:23:35.814] SHA256 Hash: '954a0e71d6f725ec9d83a97dbaa18f05d97a8006f274acb34cc52b35f5b66afe'
[18:23:35.854] Melon Assembly loaded: '.\Mods\Theseus.dll'
[18:23:35.855] SHA256 Hash: '1e77f8ed7670a51ca5509a1f42cb9e2b2c65976002c030e3821b235c56075950'
[18:23:36.244] Melon Assembly loaded: '.\Mods\UltimateCrosspathing.dll'
[18:23:36.244] SHA256 Hash: '99746bd72171d56a96882cd4fd68fa5222891a94972027344276f3472f93c750'
[18:23:36.287] Melon Assembly loaded: '.\Mods\UnityExplorer.ML.IL2CPP.net6preview.dll'
[18:23:36.287] SHA256 Hash: '181bf3901b820fabbf279fa02d29645c13e9b6c77619dccb0fac1c3cce410375'

[18:23:36.986] ------------------------------
[18:23:36.987] BloonsTD6 Mod Helper v3.0.5
[18:23:36.987] by Gurrenm4 and Doombubbles
[18:23:36.990] Assembly: Btd6ModHelper.dll
[18:23:36.992] ------------------------------
[18:23:36.997] ------------------------------
[18:23:36.997] Card Monkey v1.2.4
[18:23:36.997] by doombubbles
[18:23:36.999] Assembly: CardMonkey.dll
[18:23:37.000] ------------------------------
[18:23:37.007] ------------------------------
[18:23:37.007] No Paragon Limit v1.0.0
[18:23:37.007] by Greenphx9
[18:23:37.009] Assembly: NoParagonLimit.dll
[18:23:37.010] ------------------------------
[18:23:37.014] ------------------------------
[18:23:37.015] Powers in Shop v2.0.4
[18:23:37.015] by doombubbles
[18:23:37.017] Assembly: PowersInShop.dll
[18:23:37.020] ------------------------------
[18:23:37.026] ------------------------------
[18:23:37.026] Theseus v1.0.0
[18:23:37.026] by Chiss5618
[18:23:37.027] Assembly: Theseus.dll
[18:23:37.029] ------------------------------
[18:23:37.033] ------------------------------
[18:23:37.033] Ultimate Crosspathing v1.3.3
[18:23:37.034] by doombubbles
[18:23:37.036] Assembly: UltimateCrosspathing.dll
[18:23:37.038] ------------------------------
[18:23:37.042] ------------------------------
[18:23:37.043] UnityExplorer v4.9.0
[18:23:37.043] by Sinai
[18:23:37.044] Assembly: UnityExplorer.ML.IL2CPP.net6preview.dll
[18:23:37.045] ------------------------------
[18:23:37.046] ------------------------------------------------------------------------------------
[18:23:37.047] 7 Mods loaded.

[18:23:37.445] [UnityExplorer] UnityExplorer 4.9.0 initializing...
[18:23:37.479] [UnityExplorer] [UniverseLib] UniverseLib 1.5.1 initializing...
[18:23:38.156] [UnityExplorer] [UniverseLib] Finished UniverseLib initial setup.
[18:23:38.260] [UnityExplorer] Initialized UnityCrashPrevention for: Canvas.get_renderingDisplaySize
[18:23:38.414] [Theseus] Theseus.Displays.BlueLaserDisplay.png
[18:23:38.415] [Theseus] Theseus.Displays.DisruptorProjectileDisplay.png
[18:23:38.419] [Theseus] Theseus.Displays.Lvl20DisruptorProjectileDisplay.png
[18:23:38.420] [Theseus] Theseus.Displays.OrbitalStrikeDisplay.png
[18:23:38.421] [Theseus] Theseus.Displays.RedLaserDisplay.png
[18:23:38.423] [Theseus] Theseus.DisruptorShot-Icon.png
[18:23:38.423] [Theseus] Theseus.Icon.png
[18:23:38.424] [Theseus] Theseus.OrbitalStrike-Icon.png
[18:23:38.429] [Theseus] Theseus.ProjectArchimedes-Icon.png
[18:23:38.430] [Theseus] Theseus.Theseus-Button.png
[18:23:38.432] [Theseus] Theseus.Theseus-Icon.png
[18:23:38.434] [Theseus] Theseus.Theseus-Portrait.png
[18:23:38.436] [Theseus] Theseus.Theseus-Portrait20.png
[18:23:38.438] [Theseus] Theseus.Theseus-Portrait7.png
[18:23:38.439] [Theseus] Theseus.Theseus-Square.png
[18:23:38.440] [Theseus] Theseus.DisplayAsset.doublegun.bundle
[18:23:38.637] [Theseus] Theseus
[18:23:41.861] [UnityExplorer] [Unity] The AssetBundle 'Memory' can't be loaded because another AssetBundle with the same files is already loaded.
[18:23:41.864] [BloonsTD6_Mod_Helper] The bundle Theseus.DisplayAsset.doublegun.bundle is null!
[18:23:42.849] [BloonsTD6_Mod_Helper] Successfully found mod GrahamKracker/BTD6-Round-Changer  for browser
[18:23:42.853] [BloonsTD6_Mod_Helper] Successfully found mod GrahamKracker/BTD6AllBuffsStack  for browser
[18:23:42.887] [BloonsTD6_Mod_Helper] Successfully found mod GrahamKracker/BTD6SaveMenu  for browser
[18:23:42.963] [BloonsTD6_Mod_Helper] Finished getting mods from github, found 59 mods in 1.3 seconds
[18:23:44.264] [BloonsTD6_Mod_Helper] AlchemistLoader finished loading bytes
[18:23:44.462] [BloonsTD6_Mod_Helper] BananaFarmLoader finished loading bytes
[18:23:44.974] [BloonsTD6_Mod_Helper] BombShooterLoader finished loading bytes
[18:23:45.455] [BloonsTD6_Mod_Helper] BoomerangMonkeyLoader finished loading bytes
[18:23:46.088] [BloonsTD6_Mod_Helper] DartlingGunnerLoader finished loading bytes
[18:23:46.494] [BloonsTD6_Mod_Helper] DartMonkeyLoader finished loading bytes
[18:23:46.976] [UnityExplorer] [Unity] MODS DETECTED! Saving and some online features will be disabled...
[18:23:47.093] [BloonsTD6_Mod_Helper] DruidLoader finished loading bytes
[18:23:47.687] [BloonsTD6_Mod_Helper] EngineerMonkeyLoader finished loading bytes
[18:23:48.197] [UnityExplorer] [UniverseLib] Loaded Unhollowed modules in 10.058001 seconds.
[18:23:48.268] [BloonsTD6_Mod_Helper] GlueGunnerLoader finished loading bytes
[18:23:48.501] [UnityExplorer] [UniverseLib] Setup deobfuscation cache in 0.303 seconds.
[18:23:48.504] [UnityExplorer] [UniverseLib] Initialized Legacy Input support
[18:23:48.592] [UnityExplorer] [UniverseLib] 	 IL2CPP method has no corresponding pointer, aborting patch of UnityEngine.AssetBundle.UnloadAllAssetBundles
[18:23:48.690] [UnityExplorer] [UniverseLib] Loaded modern bundle for Unity 2020.3.28f1
[18:23:48.736] [UnityExplorer] [UniverseLib] UniverseLib 1.5.1 initialized.
[18:23:48.739] [UnityExplorer] Creating UI...
[18:23:49.647] [UnityExplorer] UnityExplorer 4.9.0 (IL2CPP) initialized.
[18:23:53.241] [BloonsTD6_Mod_Helper] HeliPilotLoader finished loading bytes
[18:23:53.628] [UnityExplorer] [Unity] Installed LiNK SDK v47.11.0
[18:23:53.741] [BloonsTD6_Mod_Helper] IceMonkeyLoader finished loading bytes
[18:23:54.186] [BloonsTD6_Mod_Helper] MonkeyAceLoader finished loading bytes
[18:23:55.045] [BloonsTD6_Mod_Helper] MonkeyBuccaneerLoader finished loading bytes
[18:23:55.802] [BloonsTD6_Mod_Helper] MonkeySubLoader finished loading bytes
[18:23:56.309] [BloonsTD6_Mod_Helper] MonkeyVillageLoader finished loading bytes
[18:23:56.948] [BloonsTD6_Mod_Helper] MortarMonkeyLoader finished loading bytes
[18:23:57.349] [BloonsTD6_Mod_Helper] NinjaMonkeyLoader finished loading bytes
[18:23:57.663] [BloonsTD6_Mod_Helper] SniperMonkeyLoader finished loading bytes
[18:23:58.063] [BloonsTD6_Mod_Helper] SpikeFactoryLoader finished loading bytes
[18:23:59.769] [BloonsTD6_Mod_Helper] SuperMonkeyLoader finished loading bytes
[18:24:00.240] [BloonsTD6_Mod_Helper] TackShooterLoader finished loading bytes
[18:24:01.178] [BloonsTD6_Mod_Helper] WizardMonkeyLoader finished loading bytes
[18:24:04.880] [BloonsTD6_Mod_Helper] Registering ModContent for BloonsTD6 Mod Helper...
[18:24:04.894] [BloonsTD6_Mod_Helper] Registering ModContent for Card Monkey...
[18:24:06.662] [BloonsTD6_Mod_Helper] Registering ModContent for Powers in Shop...
[18:24:07.110] [BloonsTD6_Mod_Helper] Registering ModContent for Theseus...
[18:24:07.534] [BloonsTD6_Mod_Helper] Registering ModContent for Ultimate Crosspathing...
[18:24:07.955] [Ultimate_Crosspathing] Finished loading Alchemists!
[18:24:08.436] [Ultimate_Crosspathing] Finished loading BananaFarms!
[18:24:08.834] [Ultimate_Crosspathing] Finished loading BombShooters!
[18:24:09.066] [Ultimate_Crosspathing] Finished loading BoomerangMonkeys!
[18:24:09.370] [Ultimate_Crosspathing] Finished loading DartlingGunners!
[18:24:09.731] [Ultimate_Crosspathing] Finished loading DartMonkeys!
[18:24:10.063] [Ultimate_Crosspathing] Finished loading Druids!
[18:24:10.291] [Ultimate_Crosspathing] Finished loading EngineerMonkeys!
[18:24:10.832] [Ultimate_Crosspathing] Finished loading GlueGunners!
[18:24:11.251] [Ultimate_Crosspathing] Finished loading HeliPilots!
[18:24:11.680] [Ultimate_Crosspathing] Finished loading IceMonkeys!
[18:24:12.340] [Ultimate_Crosspathing] Finished loading MonkeyAces!
[18:24:12.667] [Ultimate_Crosspathing] Finished loading MonkeyBuccaneers!
[18:24:13.244] [Ultimate_Crosspathing] Finished loading MonkeySubs!
[18:24:13.782] [Ultimate_Crosspathing] Finished loading MonkeyVillages!
[18:24:14.192] [Ultimate_Crosspathing] Finished loading MortarMonkeys!
[18:24:14.584] [Ultimate_Crosspathing] Finished loading NinjaMonkeys!
[18:24:15.034] [Ultimate_Crosspathing] Finished loading SniperMonkeys!
[18:24:15.877] [Ultimate_Crosspathing] Finished loading SpikeFactorys!
[18:24:16.812] [Ultimate_Crosspathing] Finished loading SuperMonkeys!
[18:24:17.014] [Ultimate_Crosspathing] Finished loading TackShooters!
[18:24:17.614] [Ultimate_Crosspathing] Finished loading WizardMonkeys!
[18:24:18.797] [BloonsTD6_Mod_Helper] Successfully saved mod settings
[18:24:18.806] [BloonsTD6_Mod_Helper] Starting to initiate profile AutoSaving...
[18:24:18.807] [BloonsTD6_Mod_Helper] Successfully initiated profile AutoSaving
[18:24:24.199] [UnityExplorer] [Unity] Unity IAP: <b>Unity In-App Purchasing</b> requires <b>Unity Gaming Services</b> to have been initialized before use.
- Find out how to initialize <b>Unity Gaming Services</b> by following the documentation <i>https://docs.unity.com/ugs-overview/services-core-api.html#InitializationExample</i>
or download the <i>06 Initialize Gaming Services</i> sample from <i>Package Manager > In-App Purchasing > Samples</i>.
- If you are using the codeless API, you may want to enable the enable <b>Unity Gaming Services</b> automatic initialization by checking the <b>Automatically initialize Unity Gaming Services</b> checkbox at the bottom of the <b>IAP Catalog</b> window
[18:24:24.424] [UnityExplorer] [Unity] Unavailable product btd6_extratowerxp-btd6_extratowerxp
[18:24:33.730] [UnityExplorer] [Unity] UnityEngine.AddressableAssets.InvalidKeyException: Exception of type 'UnityEngine.AddressableAssets.InvalidKeyException' was thrown., Key=0000000000000000f000000000000000, Type=UnityEngine.Sprite
[18:24:33.766] [UnityExplorer] [Unity] UnityEngine.AddressableAssets.InvalidKeyException: Exception of type 'UnityEngine.AddressableAssets.InvalidKeyException' was thrown., Key=0000000000000000f000000000000000, Type=UnityEngine.Sprite
[18:24:33.773] [UnityExplorer] [Unity] UnityEngine.AddressableAssets.InvalidKeyException: Exception of type 'UnityEngine.AddressableAssets.InvalidKeyException' was thrown., Key=0000000000000000f000000000000000, Type=UnityEngine.Sprite
[18:24:33.846] [UnityExplorer] [Unity] <color=#99FFA7>[LocManager]</color>: fonts.latin/Btd6FontTitleSDF Material (Instance).mat not loaded
[18:24:37.293] [BloonsTD6_Mod_Helper] Backing up to C:\Program Files (x86)\Steam\steamapps\common\BloonsTD6\Mods\BloonsTD6 Mod Helper\Old Mods\UltimateCrosspathing.dll
[18:24:43.297] [UnityExplorer] [Unity] UnityEngine.AddressableAssets.InvalidKeyException: Exception of type 'UnityEngine.AddressableAssets.InvalidKeyException' was thrown., Key=0000000000000000f000000000000000, Type=UnityEngine.Sprite
[18:24:43.336] [UnityExplorer] [Unity] UnityEngine.AddressableAssets.InvalidKeyException: Exception of type 'UnityEngine.AddressableAssets.InvalidKeyException' was thrown., Key=0000000000000000f000000000000000, Type=UnityEngine.Sprite
[18:24:46.018] [BloonsTD6_Mod_Helper] Successfully downloaded UltimateCrosspathing.dll, remember to restart to apply the changes!
[18:24:50.551] [BloonsTD6_Mod_Helper] Successfully downloaded SacrificeHelper.dll, remember to restart to apply the changes!
[18:24:59.212] [UnityExplorer] [Unity] UnityEngine.AddressableAssets.InvalidKeyException: Exception of type 'UnityEngine.AddressableAssets.InvalidKeyException' was thrown., Key=0000000000000000f000000000000000, Type=UnityEngine.Sprite
[18:24:59.229] [UnityExplorer] [Unity] UnityEngine.AddressableAssets.InvalidKeyException: Exception of type 'UnityEngine.AddressableAssets.InvalidKeyException' was thrown., Key=0000000000000000f000000000000000, Type=UnityEngine.Sprite
[18:24:59.235] [UnityExplorer] [Unity] UnityEngine.AddressableAssets.InvalidKeyException: Exception of type 'UnityEngine.AddressableAssets.InvalidKeyException' was thrown., Key=0000000000000000f000000000000000, Type=UnityEngine.Sprite
[18:24:59.298] [UnityExplorer] [Unity] <color=#99FFA7>[LocManager]</color>: fonts.latin/Btd6FontTitleSDF Material (Instance).mat not loa
